20:32:27.522 [main] DEBUG org.testng.TestNG - suiteXmlPath: "C:\Users\user\eclipse-workspace\OpenCartProject\grouping.xml"
20:33:28.210 [main] DEBUG org.testng.TestNG - suiteXmlPath: "C:\Users\user\eclipse-workspace\OpenCartProject\grouping.xml"
20:35:37.994 [main] DEBUG org.testng.TestNG - suiteXmlPath: "C:\Users\user\eclipse-workspace\OpenCartProject\grouping.xml"
20:36:41.818 [main] DEBUG org.testng.TestNG - suiteXmlPath: "C:\Users\user\eclipse-workspace\OpenCartProject\grouping.xml"
20:41:33.925 [main] DEBUG org.testng.TestNG - suiteXmlPath: "C:\Users\user\eclipse-workspace\OpenCartProject\master.xml"
20:41:53.430 [main] DEBUG org.testng.TestNG - suiteXmlPath: "C:\Users\user\eclipse-workspace\OpenCartProject\master.xml"
20:43:10.458 [main] DEBUG org.testng.TestNG - suiteXmlPath: "C:\Users\user\eclipse-workspace\OpenCartProject\grouping.xml"
20:43:11.324 [main] INFO  org.testng.internal.Utils - [TestNG] Running:
  C:\Users\user\eclipse-workspace\OpenCartProject\grouping.xml

20:43:21.758 [main] INFO  testCase.TC001_AccountRegistrationTest - ***** starting TC001_AccountRegistrationTest *****
20:43:22.210 [main] INFO  testCase.TC001_AccountRegistrationTest - Click on MyAccount
20:43:23.008 [main] INFO  testCase.TC001_AccountRegistrationTest - Click on Register Link
20:43:23.010 [main] INFO  testCase.TC001_AccountRegistrationTest - Providing Customer Details...
20:43:26.118 [main] INFO  testCase.TC001_AccountRegistrationTest - Validating expected message...
20:43:26.197 [main] ERROR testCase.TC001_AccountRegistrationTest - Test Failed...
20:43:26.197 [main] DEBUG testCase.TC001_AccountRegistrationTest - debug logs...
20:43:36.001 [main] INFO  testCase.TC002_LoginTest - ***** Starting TC002_LoginTest *****
20:43:38.861 [main] INFO  testCase.TC002_LoginTest - ***** Finished TC002_LoginTest *****
13:35:06.157 [main] DEBUG org.testng.TestNG - suiteXmlPath: "C:\Users\user\eclipse-workspace\OpenCartProject\master.xml"
13:35:24.514 [main] DEBUG org.apache.poi.openxml4j.opc.PackageRelationshipCollection - Parsing relationship: /xl/_rels/workbook.xml.rels
13:35:24.520 [main] DEBUG org.apache.poi.openxml4j.opc.PackageRelationshipCollection - Parsing relationship: /xl/worksheets/_rels/sheet1.xml.rels
13:35:24.523 [main] DEBUG org.apache.poi.openxml4j.opc.PackageRelationshipCollection - Parsing relationship: /_rels/.rels
13:35:27.417 [main] DEBUG org.apache.poi.openxml4j.opc.PackageRelationshipCollection - Parsing relationship: /xl/_rels/workbook.xml.rels
13:35:27.419 [main] DEBUG org.apache.poi.openxml4j.opc.PackageRelationshipCollection - Parsing relationship: /xl/worksheets/_rels/sheet1.xml.rels
13:35:27.421 [main] DEBUG org.apache.poi.openxml4j.opc.PackageRelationshipCollection - Parsing relationship: /_rels/.rels
13:35:27.484 [main] DEBUG org.apache.poi.openxml4j.opc.PackageRelationshipCollection - Parsing relationship: /xl/_rels/workbook.xml.rels
13:35:27.486 [main] DEBUG org.apache.poi.openxml4j.opc.PackageRelationshipCollection - Parsing relationship: /xl/worksheets/_rels/sheet1.xml.rels
13:35:27.488 [main] DEBUG org.apache.poi.openxml4j.opc.PackageRelationshipCollection - Parsing relationship: /_rels/.rels
13:35:27.555 [main] DEBUG org.apache.poi.openxml4j.opc.PackageRelationshipCollection - Parsing relationship: /xl/_rels/workbook.xml.rels
13:35:27.557 [main] DEBUG org.apache.poi.openxml4j.opc.PackageRelationshipCollection - Parsing relationship: /xl/worksheets/_rels/sheet1.xml.rels
13:35:27.559 [main] DEBUG org.apache.poi.openxml4j.opc.PackageRelationshipCollection - Parsing relationship: /_rels/.rels
13:35:27.619 [main] DEBUG org.apache.poi.openxml4j.opc.PackageRelationshipCollection - Parsing relationship: /xl/_rels/workbook.xml.rels
13:35:27.621 [main] DEBUG org.apache.poi.openxml4j.opc.PackageRelationshipCollection - Parsing relationship: /xl/worksheets/_rels/sheet1.xml.rels
13:35:27.623 [main] DEBUG org.apache.poi.openxml4j.opc.PackageRelationshipCollection - Parsing relationship: /_rels/.rels
13:35:27.692 [main] DEBUG org.apache.poi.openxml4j.opc.PackageRelationshipCollection - Parsing relationship: /xl/_rels/workbook.xml.rels
13:35:27.697 [main] DEBUG org.apache.poi.openxml4j.opc.PackageRelationshipCollection - Parsing relationship: /xl/worksheets/_rels/sheet1.xml.rels
13:35:27.699 [main] DEBUG org.apache.poi.openxml4j.opc.PackageRelationshipCollection - Parsing relationship: /_rels/.rels
13:35:27.737 [main] DEBUG org.apache.poi.openxml4j.opc.PackageRelationshipCollection - Parsing relationship: /xl/_rels/workbook.xml.rels
13:35:27.738 [main] DEBUG org.apache.poi.openxml4j.opc.PackageRelationshipCollection - Parsing relationship: /xl/worksheets/_rels/sheet1.xml.rels
13:35:27.740 [main] DEBUG org.apache.poi.openxml4j.opc.PackageRelationshipCollection - Parsing relationship: /_rels/.rels
13:35:27.833 [main] DEBUG org.apache.poi.openxml4j.opc.PackageRelationshipCollection - Parsing relationship: /xl/_rels/workbook.xml.rels
13:35:27.835 [main] DEBUG org.apache.poi.openxml4j.opc.PackageRelationshipCollection - Parsing relationship: /xl/worksheets/_rels/sheet1.xml.rels
